[2023-02-27T13:51:25.044] [INFO] logs - /?user=a&password=b
[2023-02-27T13:59:02.104] [INFO] logs - /?user=a&password=b
[2023-02-27T14:03:00.303] [INFO] logs - /?user=a&password=b
[2023-02-27T14:04:46.306] [INFO] logs - /?user=a&password=b
[2023-02-27T14:04:47.198] [INFO] logs - /?user=a&password=b
[2023-02-27T14:04:51.832] [INFO] logs - /?user=a&password=b
[2023-02-27T14:04:58.243] [INFO] logs - /?user=a&password=b
[2023-02-27T14:06:13.109] [INFO] logs - /?user=a&password=b
[2023-02-27T14:06:27.571] [INFO] logs - /?user=a&password=b
[2023-02-27T14:06:28.084] [INFO] logs - /?user=a&password=b
[2023-02-27T14:06:54.112] [INFO] logs - /?user=a&password=b
[2023-02-27T14:08:07.737] [INFO] logs - /?user=a&password=b
[2023-02-27T14:08:09.355] [INFO] logs - /?user=a&password=b
[2023-02-27T14:08:10.243] [INFO] logs - /?user=a&password=b
[2023-02-27T14:08:24.095] [INFO] logs - /?user=a&password=b
[2023-02-27T14:08:24.962] [INFO] logs - /?user=a&password=b
[2023-03-04T12:19:59.198] [INFO] logs - /
[2023-03-04T12:19:59.248] [INFO] logs - /favicon.ico
[2023-03-04T12:20:36.804] [INFO] logs - /
[2023-03-04T12:26:27.265] [INFO] logs - /?user=a&password=b
[2023-03-04T12:26:32.180] [INFO] logs - /?user=a&password=b
[2023-03-04T13:02:41.145] [INFO] logs - /
[2023-03-04T13:02:41.171] [INFO] logs - /favicon.ico
[2023-03-04T13:02:48.661] [INFO] logs - /
[2023-03-04T13:02:48.680] [INFO] logs - /favicon.ico
[2023-03-04T13:02:49.790] [INFO] logs - /
[2023-03-04T13:02:49.809] [INFO] logs - /favicon.ico
[2023-03-04T13:02:50.102] [INFO] logs - /
[2023-03-04T13:02:50.127] [INFO] logs - /favicon.ico
[2023-03-04T13:02:51.027] [INFO] logs - /
[2023-03-04T13:02:51.044] [INFO] logs - /favicon.ico
[2023-03-04T13:02:51.468] [INFO] logs - /
[2023-03-04T13:02:51.487] [INFO] logs - /favicon.ico
[2023-03-04T13:02:52.674] [INFO] logs - /
[2023-03-04T13:02:52.693] [INFO] logs - /favicon.ico
[2023-03-04T13:02:54.528] [INFO] logs - /
[2023-03-04T13:02:54.545] [INFO] logs - /favicon.ico
[2023-03-04T13:02:57.807] [INFO] logs - /
[2023-03-04T13:02:57.824] [INFO] logs - /favicon.ico
[2023-03-04T13:03:01.683] [INFO] logs - /
[2023-03-04T13:03:01.700] [INFO] logs - /favicon.ico
[2023-03-04T13:03:02.753] [INFO] logs - /
[2023-03-04T13:03:02.771] [INFO] logs - /favicon.ico
[2023-03-04T13:03:03.638] [INFO] logs - /
[2023-03-04T13:03:03.655] [INFO] logs - /favicon.ico
[2023-03-04T13:03:04.195] [INFO] logs - /
[2023-03-04T13:03:04.212] [INFO] logs - /favicon.ico
[2023-03-04T13:03:04.677] [INFO] logs - /
[2023-03-04T13:03:04.695] [INFO] logs - /favicon.ico
[2023-03-04T13:03:05.111] [INFO] logs - /
[2023-03-04T13:03:05.127] [INFO] logs - /favicon.ico
[2023-03-04T13:05:57.032] [INFO] logs - /
[2023-03-04T13:05:57.083] [INFO] logs - /favicon.ico
[2023-03-04T13:05:59.408] [INFO] logs - /
[2023-03-04T13:05:59.425] [INFO] logs - /favicon.ico
[2023-03-04T13:06:00.164] [INFO] logs - /
[2023-03-04T13:06:36.998] [INFO] logs - /
[2023-03-04T13:06:37.018] [INFO] logs - /favicon.ico
[2023-03-04T13:07:17.530] [INFO] logs - /
[2023-03-04T13:07:17.552] [INFO] logs - /favicon.ico
[2023-03-04T13:07:18.612] [INFO] logs - /
[2023-03-04T13:07:43.270] [INFO] logs - /
[2023-03-04T13:07:43.312] [INFO] logs - /favicon.ico
[2023-03-04T13:07:44.192] [INFO] logs - /
[2023-03-04T13:07:44.209] [INFO] logs - /favicon.ico
[2023-03-04T13:07:46.071] [INFO] logs - /
[2023-03-04T13:07:46.089] [INFO] logs - /favicon.ico
[2023-03-04T13:07:47.875] [INFO] logs - /
[2023-03-04T13:07:47.891] [INFO] logs - /favicon.ico
[2023-03-04T13:07:49.172] [INFO] logs - /
[2023-03-04T13:07:49.189] [INFO] logs - /favicon.ico
[2023-03-04T13:07:49.910] [INFO] logs - /
[2023-03-04T13:07:49.927] [INFO] logs - /favicon.ico
[2023-03-04T13:07:50.679] [INFO] logs - /
[2023-03-04T13:07:50.697] [INFO] logs - /favicon.ico
[2023-03-04T13:07:51.421] [INFO] logs - /
[2023-03-04T13:07:51.438] [INFO] logs - /favicon.ico
[2023-03-04T13:07:52.215] [INFO] logs - /
[2023-03-04T13:07:52.231] [INFO] logs - /favicon.ico
[2023-03-04T13:49:46.159] [INFO] logs - /refreshtoken/?token=123456
[2023-03-04T13:51:12.065] [INFO] logs - /refreshtoken/?token=123456
[2023-03-04T23:32:16.795] [INFO] logs - /?user=a&password=b
[2023-03-05T01:03:39.132] [INFO] logs - /?user=adila&password=password
[2023-03-05T01:03:52.050] [INFO] logs - /?user=adila&password=password
[2023-03-05T01:03:57.585] [INFO] logs - /?user=adila&password=password
[2023-03-05T01:08:07.961] [INFO] logs - /?user=adila&password=password
[2023-03-05T01:08:13.549] [INFO] logs - /?user=adila&password=password
[2023-03-05T01:09:39.440] [INFO] logs - /?user=adila&password=password
[2023-03-05T01:10:33.031] [ERROR] logs - Error: aborted
[2023-03-05T01:15:13.341] [INFO] logs - /?user=adila&password=password
[2023-03-05T01:17:35.242] [INFO] logs - /?user=adila&password=password
[2023-03-05T01:23:07.184] [INFO] logs - /
[2023-03-05T01:23:07.249] [INFO] logs - /favicon.ico
[2023-03-05T01:23:21.919] [INFO] logs - /?user=adila&password=password
[2023-03-05T01:23:21.948] [INFO] logs - /favicon.ico
